Compiling the C compiler identification source file "CMakeCCompilerId.c" failed.
Compiler: C:/pspsdk/bin/psp-gcc.exe 
Build flags: 
Id flags:  

The output was:
1
C:\Users\Acer\AppData\Local\Temp\ccNMy6TV.s: Assembler messages:
C:\Users\Acer\AppData\Local\Temp\ccNMy6TV.s:6: Error: unknown pseudo-op: `.gnu_attribute'


Compiling the C compiler identification source file "CMakeCCompilerId.c" failed.
Compiler: C:/pspsdk/bin/psp-gcc.exe 
Build flags: 
Id flags: -c 

The output was:
1
C:\Users\Acer\AppData\Local\Temp\ccZPKDFN.s: Assembler messages:
C:\Users\Acer\AppData\Local\Temp\ccZPKDFN.s:6: Error: unknown pseudo-op: `.gnu_attribute'


Compiling the C compiler identification source file "CMakeCCompilerId.c" failed.
Compiler: C:/pspsdk/bin/psp-gcc.exe 
Build flags: 
Id flags: -Aa 

The output was:
1
<command-line>: error: missing '(' after predicate


Compiling the C compiler identification source file "CMakeCCompilerId.c" failed.
Compiler: C:/pspsdk/bin/psp-gcc.exe 
Build flags: 
Id flags: -D__CLASSIC_C__ 

The output was:
1
C:\Users\Acer\AppData\Local\Temp\ccotRQLs.s: Assembler messages:
C:\Users\Acer\AppData\Local\Temp\ccotRQLs.s:6: Error: unknown pseudo-op: `.gnu_attribute'


Compiling the C compiler identification source file "CMakeCCompilerId.c" failed.
Compiler: C:/pspsdk/bin/psp-gcc.exe 
Build flags: 
Id flags: --target=arm-arm-none-eabi;-mcpu=cortex-m3 

The output was:
1
psp-gcc.exe: error: unrecognized command line option '--target=arm-arm-none-eabi'
psp-gcc.exe: error: unrecognized command line option '-mcpu=cortex-m3'


Compiling the C compiler identification source file "CMakeCCompilerId.c" failed.
Compiler: C:/pspsdk/bin/psp-gcc.exe 
Build flags: 
Id flags: -c;-I__does_not_exist__ 

The output was:
1
C:\Users\Acer\AppData\Local\Temp\ccatQlCg.s: Assembler messages:
C:\Users\Acer\AppData\Local\Temp\ccatQlCg.s:6: Error: unknown pseudo-op: `.gnu_attribute'


Compiling the C compiler identification source file "CMakeCCompilerId.c" failed.
Compiler: C:/pspsdk/bin/psp-gcc.exe 
Build flags: 
Id flags:  

The output was:
1
C:\Users\Acer\AppData\Local\Temp\ccG1eau7.s: Assembler messages:
C:\Users\Acer\AppData\Local\Temp\ccG1eau7.s:6: Error: unknown pseudo-op: `.gnu_attribute'


Compiling the C compiler identification source file "CMakeCCompilerId.c" failed.
Compiler: C:/pspsdk/bin/psp-gcc.exe 
Build flags: 
Id flags: -c 

The output was:
1
C:\Users\Acer\AppData\Local\Temp\ccVm8GcF.s: Assembler messages:
C:\Users\Acer\AppData\Local\Temp\ccVm8GcF.s:6: Error: unknown pseudo-op: `.gnu_attribute'


Compiling the C compiler identification source file "CMakeCCompilerId.c" failed.
Compiler: C:/pspsdk/bin/psp-gcc.exe 
Build flags: 
Id flags: -Aa 

The output was:
1
<command-line>: error: missing '(' after predicate


Compiling the C compiler identification source file "CMakeCCompilerId.c" failed.
Compiler: C:/pspsdk/bin/psp-gcc.exe 
Build flags: 
Id flags: -D__CLASSIC_C__ 

The output was:
1
C:\Users\Acer\AppData\Local\Temp\ccWs86CV.s: Assembler messages:
C:\Users\Acer\AppData\Local\Temp\ccWs86CV.s:6: Error: unknown pseudo-op: `.gnu_attribute'


Compiling the C compiler identification source file "CMakeCCompilerId.c" failed.
Compiler: C:/pspsdk/bin/psp-gcc.exe 
Build flags: 
Id flags: --target=arm-arm-none-eabi;-mcpu=cortex-m3 

The output was:
1
psp-gcc.exe: error: unrecognized command line option '--target=arm-arm-none-eabi'
psp-gcc.exe: error: unrecognized command line option '-mcpu=cortex-m3'


Compiling the C compiler identification source file "CMakeCCompilerId.c" failed.
Compiler: C:/pspsdk/bin/psp-gcc.exe 
Build flags: 
Id flags: -c;-I__does_not_exist__ 

The output was:
1
C:\Users\Acer\AppData\Local\Temp\ccVvMu6Y.s: Assembler messages:
C:\Users\Acer\AppData\Local\Temp\ccVvMu6Y.s:6: Error: unknown pseudo-op: `.gnu_attribute'


Checking whether the C compiler is IAR using "" did not match "IAR .+ Compiler":
psp-gcc.exe: fatal error: no input files
compilation terminated.
Checking whether the C compiler is IAR using "" did not match "IAR .+ Compiler":
psp-gcc.exe: fatal error: no input files
compilation terminated.
Compiling the CXX compiler identification source file "CMakeCXXCompilerId.cpp" failed.
Compiler: C:/pspsdk/bin/psp-g++.exe 
Build flags: 
Id flags:  

The output was:
1
C:\Users\Acer\AppData\Local\Temp\ccqxsObO.s: Assembler messages:
C:\Users\Acer\AppData\Local\Temp\ccqxsObO.s:6: Error: unknown pseudo-op: `.gnu_attribute'


Compiling the CXX compiler identification source file "CMakeCXXCompilerId.cpp" failed.
Compiler: C:/pspsdk/bin/psp-g++.exe 
Build flags: 
Id flags: -c 

The output was:
1
C:\Users\Acer\AppData\Local\Temp\ccbpuVGZ.s: Assembler messages:
C:\Users\Acer\AppData\Local\Temp\ccbpuVGZ.s:6: Error: unknown pseudo-op: `.gnu_attribute'


Compiling the CXX compiler identification source file "CMakeCXXCompilerId.cpp" failed.
Compiler: C:/pspsdk/bin/psp-g++.exe 
Build flags: 
Id flags: --c++ 

The output was:
1
psp-g++.exe: error: unrecognized command line option '--c++'


Compiling the CXX compiler identification source file "CMakeCXXCompilerId.cpp" failed.
Compiler: C:/pspsdk/bin/psp-g++.exe 
Build flags: 
Id flags: --ec++ 

The output was:
1
psp-g++.exe: error: unrecognized command line option '--ec++'; did you mean '-Weffc++'?


Compiling the CXX compiler identification source file "CMakeCXXCompilerId.cpp" failed.
Compiler: C:/pspsdk/bin/psp-g++.exe 
Build flags: 
Id flags: --target=arm-arm-none-eabi;-mcpu=cortex-m3 

The output was:
1
psp-g++.exe: error: unrecognized command line option '--target=arm-arm-none-eabi'
psp-g++.exe: error: unrecognized command line option '-mcpu=cortex-m3'


Compiling the CXX compiler identification source file "CMakeCXXCompilerId.cpp" failed.
Compiler: C:/pspsdk/bin/psp-g++.exe 
Build flags: 
Id flags: -c;-I__does_not_exist__ 

The output was:
1
C:\Users\Acer\AppData\Local\Temp\ccD6KiYj.s: Assembler messages:
C:\Users\Acer\AppData\Local\Temp\ccD6KiYj.s:6: Error: unknown pseudo-op: `.gnu_attribute'


Compiling the CXX compiler identification source file "CMakeCXXCompilerId.cpp" failed.
Compiler: C:/pspsdk/bin/psp-g++.exe 
Build flags: 
Id flags:  

The output was:
1
C:\Users\Acer\AppData\Local\Temp\cc7sjaYD.s: Assembler messages:
C:\Users\Acer\AppData\Local\Temp\cc7sjaYD.s:6: Error: unknown pseudo-op: `.gnu_attribute'


Compiling the CXX compiler identification source file "CMakeCXXCompilerId.cpp" failed.
Compiler: C:/pspsdk/bin/psp-g++.exe 
Build flags: 
Id flags: -c 

The output was:
1
C:\Users\Acer\AppData\Local\Temp\ccQZE1rw.s: Assembler messages:
C:\Users\Acer\AppData\Local\Temp\ccQZE1rw.s:6: Error: unknown pseudo-op: `.gnu_attribute'


Compiling the CXX compiler identification source file "CMakeCXXCompilerId.cpp" failed.
Compiler: C:/pspsdk/bin/psp-g++.exe 
Build flags: 
Id flags: --c++ 

The output was:
1
psp-g++.exe: error: unrecognized command line option '--c++'


Compiling the CXX compiler identification source file "CMakeCXXCompilerId.cpp" failed.
Compiler: C:/pspsdk/bin/psp-g++.exe 
Build flags: 
Id flags: --ec++ 

The output was:
1
psp-g++.exe: error: unrecognized command line option '--ec++'; did you mean '-Weffc++'?


Compiling the CXX compiler identification source file "CMakeCXXCompilerId.cpp" failed.
Compiler: C:/pspsdk/bin/psp-g++.exe 
Build flags: 
Id flags: --target=arm-arm-none-eabi;-mcpu=cortex-m3 

The output was:
1
psp-g++.exe: error: unrecognized command line option '--target=arm-arm-none-eabi'
psp-g++.exe: error: unrecognized command line option '-mcpu=cortex-m3'


Compiling the CXX compiler identification source file "CMakeCXXCompilerId.cpp" failed.
Compiler: C:/pspsdk/bin/psp-g++.exe 
Build flags: 
Id flags: -c;-I__does_not_exist__ 

The output was:
1
C:\Users\Acer\AppData\Local\Temp\cciRmrXH.s: Assembler messages:
C:\Users\Acer\AppData\Local\Temp\cciRmrXH.s:6: Error: unknown pseudo-op: `.gnu_attribute'


Checking whether the CXX compiler is IAR using "" did not match "IAR .+ Compiler":
psp-g++.exe: fatal error: no input files
compilation terminated.
Checking whether the CXX compiler is IAR using "" did not match "IAR .+ Compiler":
psp-g++.exe: fatal error: no input files
compilation terminated.
Detecting C compiler ABI info failed to compile with the following output:
Change Dir: C:/Users/Acer/Documents/homebrew/gtatriology_psp/build/CMakeFiles/CMakeTmp

Run Build Command(s):C:/pspdev/bin/make.exe -f Makefile cmTC_e5543/fast && /cygdrive/c/pspdev/bin/make  -f CMakeFiles/cmTC_e5543.dir/build.make CMakeFiles/cmTC_e5543.dir/build
make: /bin/sh: Command not found
make: *** [cmTC_e5543/fast] Error 127


Cannot copy output executable
  ''
to destination specified by COPY_FILE:
  'C:/Users/Acer/Documents/homebrew/gtatriology_psp/build/CMakeFiles/3.24.0-rc4/CMakeDetermineCompilerABI_C.bin'
Unable to find the executable at any of:
  C:/Users/Acer/Documents/homebrew/gtatriology_psp/build/CMakeFiles/CMakeTmp/cmTC_e5543.exe
  C:/Users/Acer/Documents/homebrew/gtatriology_psp/build/CMakeFiles/CMakeTmp/Debug/cmTC_e5543.exe
  C:/Users/Acer/Documents/homebrew/gtatriology_psp/build/CMakeFiles/CMakeTmp/Development/cmTC_e5543.exe


Detecting CXX compiler ABI info failed to compile with the following output:
Change Dir: C:/Users/Acer/Documents/homebrew/gtatriology_psp/build/CMakeFiles/CMakeTmp

Run Build Command(s):C:/pspdev/bin/make.exe -f Makefile cmTC_1c726/fast && /cygdrive/c/pspdev/bin/make  -f CMakeFiles/cmTC_1c726.dir/build.make CMakeFiles/cmTC_1c726.dir/build
make: /bin/sh: Command not found
make: *** [cmTC_1c726/fast] Error 127


Cannot copy output executable
  ''
to destination specified by COPY_FILE:
  'C:/Users/Acer/Documents/homebrew/gtatriology_psp/build/CMakeFiles/3.24.0-rc4/CMakeDetermineCompilerABI_CXX.bin'
Unable to find the executable at any of:
  C:/Users/Acer/Documents/homebrew/gtatriology_psp/build/CMakeFiles/CMakeTmp/cmTC_1c726.exe
  C:/Users/Acer/Documents/homebrew/gtatriology_psp/build/CMakeFiles/CMakeTmp/Debug/cmTC_1c726.exe
  C:/Users/Acer/Documents/homebrew/gtatriology_psp/build/CMakeFiles/CMakeTmp/Development/cmTC_1c726.exe


